============================
Started at: Tuesday 28 April 2026 04:13:39 PM IST
Waiting 10 Seconds...
Pushing files to GitHub one by one...
Processing backup_and_push.log
Running: git add "backup_and_push.log"
Running: git commit -m "Auto backup: backup_and_push.log - 2026-04-28 16:13:49"
[main e80041d] Auto backup: backup_and_push.log - 2026-04-28 16:13:49
 1 file changed, 1 insertion(+), 1 deletion(-)
Running: git push origin main
To github.com:mayankpatel1004/Database-Local-Daily-Backup.git
   7b23fc8..e80041d  main -> main
============================
Started at: Tuesday 28 April 2026 04:13:55 PM IST
Running: sh /home/mayankpatel104/OneDrive/config-file/mysql-daily-backup.sh
Backing up Demonstration...
Backing up em1P6pnnK2...
Backing up em1xu8Cpnc...
Backing up em2xgjUQfo...
Backing up em3R2bvDIC...
Backing up em3VSSR7Yz...
Backing up em6qeR43bZ...
Backing up em7GXajUbd...
Backing up em7P4PKGJF...
Backing up em8pRAlK0y...
Backing up emA0FNN3aq...
Backing up emAsWlggJB...
Backing up emCoPAk3qn...
Backing up emCpKr5AFc...
Backing up emDhiI7xxE...
Backing up emE0JkFO5q...
Backing up emEd5JknWJ...
Backing up emF0JJ2lqH...
Backing up emF3Gzodq8...
Backing up emFCb1petd...
Backing up emFJfwL1Zh...
Backing up emFrpcZyMf...
Backing up emGwDoBnbS...
Backing up emHMvJOCjW...
Backing up emICMyY5oX...
Backing up emIT2jlJ9j...
Backing up emIx0rjbZy...
Backing up emJcuMFp4P...
Backing up emKEtcvTZr...
Backing up emKIsPDSG5...
Backing up emKidC2zLM...
Backing up emLectY5DG...
Backing up emMp6vWKNz...
Backing up emOCmk6WAq...
Backing up emOeITPnJZ...
Backing up emPmEqXSNN...
Backing up emPo6mvAau...
Backing up emROKelLsC...
Backing up emSKgMbuV2...
Backing up emSicfj9vx...
Backing up emTlCT6Ihy...
Backing up emVFRNjr2i...
Backing up emVfuLHAbM...
Backing up emWQsGRbg6...
Backing up emYABuos0L...
Backing up emandi_uat...
Backing up embeC5wGKh...
Backing up embuYeEAbY...
Backing up emcifuYvQj...
Backing up emdkNHF0E3...
Backing up emevFsJdEY...
Backing up emfLAeTqV3...
Backing up emfyKYvV5P...
Backing up emgcLQHkVy...
Backing up emhLLi7twT...
Backing up emhaORxyKa...
Backing up emhe5QjQNU...
Backing up emj7CAqeQP...
Backing up emjQK5mDJH...
Backing up emkloRegHx...
Backing up emlBYF672K...
Backing up emlT6TuyzN...
Backing up emm8qXIcUC...
Backing up emogLT5Hx9...
Backing up emonuBxcN6...
Backing up empf9u6Px7...
Backing up empp0EObF0...
Backing up emromYZrDj...
Backing up ems6VwY7m0...
Backing up emsQVaWmQI...
Backing up emxWBiwNDR...
Backing up emyEBsEsFY...
Backing up emzbVgZvwC...
Backing up emzjrD63Wt...
Backing up nodejsframework...
Backing up servicepro...
Backing up serviceproreport...
Backing up test...
Backing up u797036281_cloudswiftsol...
Backing up uat...
Waiting 10 Seconds...
Pushing files to GitHub one by one...
Processing backup_and_push.log
Running: git add "backup_and_push.log"
